{"/Users/chidimo/projects/react-drag-drop-browser/src/components/drag-and-drop.tsx": {"path":"/Users/chidimo/projects/react-drag-drop-browser/src/components/drag-and-drop.tsx","all":false,"statementMap":{"0":{"start":{"line":1,"column":0},"end":{"line":1,"column":77}},"1":{"start":{"line":2,"column":0},"end":{"line":2,"column":78}},"2":{"start":{"line":3,"column":0},"end":{"line":3,"column":49}},"3":{"start":{"line":4,"column":0},"end":{"line":4,"column":0}},"4":{"start":{"line":5,"column":0},"end":{"line":5,"column":17}},"5":{"start":{"line":6,"column":0},"end":{"line":6,"column":17}},"6":{"start":{"line":7,"column":0},"end":{"line":7,"column":22}},"7":{"start":{"line":8,"column":0},"end":{"line":8,"column":35}},"8":{"start":{"line":9,"column":0},"end":{"line":9,"column":59}},"9":{"start":{"line":10,"column":0},"end":{"line":10,"column":61}},"10":{"start":{"line":11,"column":0},"end":{"line":11,"column":59}},"11":{"start":{"line":12,"column":0},"end":{"line":12,"column":39}},"12":{"start":{"line":13,"column":0},"end":{"line":13,"column":1}},"13":{"start":{"line":14,"column":0},"end":{"line":14,"column":0}},"14":{"start":{"line":15,"column":0},"end":{"line":15,"column":33}},"15":{"start":{"line":16,"column":0},"end":{"line":16,"column":17}},"16":{"start":{"line":17,"column":0},"end":{"line":17,"column":18}},"17":{"start":{"line":18,"column":0},"end":{"line":18,"column":20}},"18":{"start":{"line":19,"column":0},"end":{"line":19,"column":2}},"19":{"start":{"line":20,"column":0},"end":{"line":20,"column":0}},"20":{"start":{"line":21,"column":0},"end":{"line":21,"column":61}},"21":{"start":{"line":22,"column":0},"end":{"line":22,"column":9}},"22":{"start":{"line":23,"column":0},"end":{"line":23,"column":24}},"23":{"start":{"line":24,"column":0},"end":{"line":24,"column":28}},"24":{"start":{"line":25,"column":0},"end":{"line":25,"column":33}},"25":{"start":{"line":26,"column":0},"end":{"line":26,"column":40}},"26":{"start":{"line":27,"column":0},"end":{"line":27,"column":31}},"27":{"start":{"line":28,"column":0},"end":{"line":28,"column":23}},"28":{"start":{"line":29,"column":0},"end":{"line":29,"column":16}},"29":{"start":{"line":30,"column":0},"end":{"line":30,"column":12}},"30":{"start":{"line":31,"column":0},"end":{"line":31,"column":0}},"31":{"start":{"line":32,"column":0},"end":{"line":32,"column":48}},"32":{"start":{"line":33,"column":0},"end":{"line":33,"column":0}},"33":{"start":{"line":34,"column":0},"end":{"line":34,"column":28}},"34":{"start":{"line":35,"column":0},"end":{"line":35,"column":24}},"35":{"start":{"line":36,"column":0},"end":{"line":36,"column":4}},"36":{"start":{"line":37,"column":0},"end":{"line":37,"column":0}},"37":{"start":{"line":38,"column":0},"end":{"line":38,"column":48}},"38":{"start":{"line":39,"column":0},"end":{"line":39,"column":23}},"39":{"start":{"line":40,"column":0},"end":{"line":40,"column":24}},"40":{"start":{"line":41,"column":0},"end":{"line":41,"column":0}},"41":{"start":{"line":42,"column":0},"end":{"line":42,"column":79}},"42":{"start":{"line":43,"column":0},"end":{"line":43,"column":41}},"43":{"start":{"line":44,"column":0},"end":{"line":44,"column":0}},"44":{"start":{"line":45,"column":0},"end":{"line":45,"column":43}},"45":{"start":{"line":46,"column":0},"end":{"line":46,"column":57}},"46":{"start":{"line":47,"column":0},"end":{"line":47,"column":57}},"47":{"start":{"line":48,"column":0},"end":{"line":48,"column":53}},"48":{"start":{"line":49,"column":0},"end":{"line":49,"column":0}},"49":{"start":{"line":50,"column":0},"end":{"line":50,"column":27}},"50":{"start":{"line":51,"column":0},"end":{"line":51,"column":67}},"51":{"start":{"line":52,"column":0},"end":{"line":52,"column":0}},"52":{"start":{"line":53,"column":0},"end":{"line":53,"column":25}},"53":{"start":{"line":54,"column":0},"end":{"line":54,"column":14}},"54":{"start":{"line":55,"column":0},"end":{"line":55,"column":21}},"55":{"start":{"line":56,"column":0},"end":{"line":56,"column":34}},"56":{"start":{"line":57,"column":0},"end":{"line":57,"column":8}},"57":{"start":{"line":58,"column":0},"end":{"line":58,"column":4}},"58":{"start":{"line":59,"column":0},"end":{"line":59,"column":0}},"59":{"start":{"line":60,"column":0},"end":{"line":60,"column":48}},"60":{"start":{"line":61,"column":0},"end":{"line":61,"column":23}},"61":{"start":{"line":62,"column":0},"end":{"line":62,"column":24}},"62":{"start":{"line":63,"column":0},"end":{"line":63,"column":0}},"63":{"start":{"line":64,"column":0},"end":{"line":64,"column":89}},"64":{"start":{"line":65,"column":0},"end":{"line":65,"column":87}},"65":{"start":{"line":66,"column":0},"end":{"line":66,"column":0}},"66":{"start":{"line":67,"column":0},"end":{"line":67,"column":91}},"67":{"start":{"line":68,"column":0},"end":{"line":68,"column":41}},"68":{"start":{"line":69,"column":0},"end":{"line":69,"column":0}},"69":{"start":{"line":70,"column":0},"end":{"line":70,"column":57}},"70":{"start":{"line":71,"column":0},"end":{"line":71,"column":57}},"71":{"start":{"line":72,"column":0},"end":{"line":72,"column":67}},"72":{"start":{"line":73,"column":0},"end":{"line":73,"column":0}},"73":{"start":{"line":74,"column":0},"end":{"line":74,"column":25}},"74":{"start":{"line":75,"column":0},"end":{"line":75,"column":14}},"75":{"start":{"line":76,"column":0},"end":{"line":76,"column":21}},"76":{"start":{"line":77,"column":0},"end":{"line":77,"column":34}},"77":{"start":{"line":78,"column":0},"end":{"line":78,"column":8}},"78":{"start":{"line":79,"column":0},"end":{"line":79,"column":4}},"79":{"start":{"line":80,"column":0},"end":{"line":80,"column":0}},"80":{"start":{"line":81,"column":0},"end":{"line":81,"column":47}},"81":{"start":{"line":82,"column":0},"end":{"line":82,"column":23}},"82":{"start":{"line":83,"column":0},"end":{"line":83,"column":24}},"83":{"start":{"line":84,"column":0},"end":{"line":84,"column":0}},"84":{"start":{"line":85,"column":0},"end":{"line":85,"column":39}},"85":{"start":{"line":86,"column":0},"end":{"line":86,"column":54}},"86":{"start":{"line":87,"column":0},"end":{"line":87,"column":4}},"87":{"start":{"line":88,"column":0},"end":{"line":88,"column":0}},"88":{"start":{"line":89,"column":0},"end":{"line":89,"column":43}},"89":{"start":{"line":90,"column":0},"end":{"line":90,"column":23}},"90":{"start":{"line":91,"column":0},"end":{"line":91,"column":24}},"91":{"start":{"line":92,"column":0},"end":{"line":92,"column":0}},"92":{"start":{"line":93,"column":0},"end":{"line":93,"column":39}},"93":{"start":{"line":94,"column":0},"end":{"line":94,"column":0}},"94":{"start":{"line":95,"column":0},"end":{"line":95,"column":28}},"95":{"start":{"line":96,"column":0},"end":{"line":96,"column":17}},"96":{"start":{"line":97,"column":0},"end":{"line":97,"column":4}},"97":{"start":{"line":98,"column":0},"end":{"line":98,"column":0}},"98":{"start":{"line":99,"column":0},"end":{"line":99,"column":15}},"99":{"start":{"line":100,"column":0},"end":{"line":100,"column":67}},"100":{"start":{"line":101,"column":0},"end":{"line":101,"column":47}},"101":{"start":{"line":102,"column":0},"end":{"line":102,"column":56}},"102":{"start":{"line":103,"column":0},"end":{"line":103,"column":6}},"103":{"start":{"line":104,"column":0},"end":{"line":104,"column":0}},"104":{"start":{"line":105,"column":0},"end":{"line":105,"column":25}},"105":{"start":{"line":106,"column":0},"end":{"line":106,"column":12}},"106":{"start":{"line":107,"column":0},"end":{"line":107,"column":17}},"107":{"start":{"line":108,"column":0},"end":{"line":108,"column":25}},"108":{"start":{"line":109,"column":0},"end":{"line":109,"column":35}},"109":{"start":{"line":110,"column":0},"end":{"line":110,"column":35}},"110":{"start":{"line":111,"column":0},"end":{"line":111,"column":33}},"111":{"start":{"line":112,"column":0},"end":{"line":112,"column":7}},"112":{"start":{"line":113,"column":0},"end":{"line":113,"column":3}},"113":{"start":{"line":114,"column":0},"end":{"line":114,"column":0}},"114":{"start":{"line":115,"column":0},"end":{"line":115,"column":10}},"115":{"start":{"line":116,"column":0},"end":{"line":116,"column":12}},"116":{"start":{"line":117,"column":0},"end":{"line":117,"column":17}},"117":{"start":{"line":118,"column":0},"end":{"line":118,"column":30}},"118":{"start":{"line":119,"column":0},"end":{"line":119,"column":21}},"119":{"start":{"line":120,"column":0},"end":{"line":120,"column":42}},"120":{"start":{"line":121,"column":0},"end":{"line":121,"column":28}},"121":{"start":{"line":122,"column":0},"end":{"line":122,"column":22}},"122":{"start":{"line":123,"column":0},"end":{"line":123,"column":47}},"123":{"start":{"line":124,"column":0},"end":{"line":124,"column":8}},"124":{"start":{"line":125,"column":0},"end":{"line":125,"column":25}},"125":{"start":{"line":126,"column":0},"end":{"line":126,"column":25}},"126":{"start":{"line":127,"column":0},"end":{"line":127,"column":33}},"127":{"start":{"line":128,"column":0},"end":{"line":128,"column":35}},"128":{"start":{"line":129,"column":0},"end":{"line":129,"column":35}},"129":{"start":{"line":130,"column":0},"end":{"line":130,"column":5}},"130":{"start":{"line":131,"column":0},"end":{"line":131,"column":16}},"131":{"start":{"line":132,"column":0},"end":{"line":132,"column":14}},"132":{"start":{"line":133,"column":0},"end":{"line":133,"column":4}},"133":{"start":{"line":134,"column":0},"end":{"line":134,"column":1}}},"s":{"0":1,"1":1,"2":1,"3":1,"4":1,"5":1,"6":1,"7":1,"8":1,"9":1,"10":1,"11":1,"12":1,"13":1,"14":1,"15":1,"16":1,"17":1,"18":1,"19":1,"20":13,"21":13,"22":13,"23":13,"24":13,"25":13,"26":13,"27":13,"28":13,"29":13,"30":13,"31":13,"32":13,"33":13,"34":3,"35":13,"36":13,"37":13,"38":3,"39":3,"40":3,"41":3,"42":3,"43":3,"44":3,"45":3,"46":3,"47":3,"48":3,"49":3,"50":3,"51":3,"52":3,"53":3,"54":3,"55":3,"56":3,"57":13,"58":13,"59":13,"60":1,"61":1,"62":1,"63":1,"64":1,"65":1,"66":1,"67":1,"68":1,"69":1,"70":1,"71":1,"72":1,"73":1,"74":1,"75":1,"76":1,"77":1,"78":13,"79":13,"80":13,"81":3,"82":3,"83":3,"84":3,"85":3,"86":13,"87":13,"88":13,"89":3,"90":3,"91":3,"92":3,"93":3,"94":3,"95":3,"96":13,"97":13,"98":13,"99":4,"100":4,"101":4,"102":4,"103":4,"104":4,"105":4,"106":4,"107":4,"108":4,"109":4,"110":4,"111":4,"112":4,"113":9,"114":9,"115":9,"116":9,"117":9,"118":9,"119":9,"120":9,"121":9,"122":13,"123":13,"124":13,"125":13,"126":13,"127":13,"128":13,"129":13,"130":13,"131":13,"132":13,"133":13},"branchMap":{"0":{"type":"branch","line":21,"loc":{"start":{"line":21,"column":0},"end":{"line":134,"column":1}},"locations":[{"start":{"line":21,"column":0},"end":{"line":134,"column":1}}]},"1":{"type":"branch","line":99,"loc":{"start":{"line":99,"column":14},"end":{"line":113,"column":3}},"locations":[{"start":{"line":99,"column":14},"end":{"line":113,"column":3}}]},"2":{"type":"branch","line":114,"loc":{"start":{"line":114,"column":-1},"end":{"line":123,"column":25}},"locations":[{"start":{"line":114,"column":-1},"end":{"line":123,"column":25}}]},"3":{"type":"branch","line":123,"loc":{"start":{"line":123,"column":25},"end":{"line":123,"column":42}},"locations":[{"start":{"line":123,"column":25},"end":{"line":123,"column":42}}]},"4":{"type":"branch","line":123,"loc":{"start":{"line":123,"column":43},"end":{"line":123,"column":47}},"locations":[{"start":{"line":123,"column":43},"end":{"line":123,"column":47}}]},"5":{"type":"branch","line":34,"loc":{"start":{"line":34,"column":21},"end":{"line":36,"column":3}},"locations":[{"start":{"line":34,"column":21},"end":{"line":36,"column":3}}]},"6":{"type":"branch","line":38,"loc":{"start":{"line":38,"column":26},"end":{"line":58,"column":3}},"locations":[{"start":{"line":38,"column":26},"end":{"line":58,"column":3}}]},"7":{"type":"branch","line":51,"loc":{"start":{"line":51,"column":24},"end":{"line":51,"column":66}},"locations":[{"start":{"line":51,"column":24},"end":{"line":51,"column":66}}]},"8":{"type":"branch","line":53,"loc":{"start":{"line":53,"column":13},"end":{"line":57,"column":6}},"locations":[{"start":{"line":53,"column":13},"end":{"line":57,"column":6}}]},"9":{"type":"branch","line":60,"loc":{"start":{"line":60,"column":26},"end":{"line":79,"column":3}},"locations":[{"start":{"line":60,"column":26},"end":{"line":79,"column":3}}]},"10":{"type":"branch","line":74,"loc":{"start":{"line":74,"column":13},"end":{"line":78,"column":6}},"locations":[{"start":{"line":74,"column":13},"end":{"line":78,"column":6}}]},"11":{"type":"branch","line":81,"loc":{"start":{"line":81,"column":25},"end":{"line":87,"column":3}},"locations":[{"start":{"line":81,"column":25},"end":{"line":87,"column":3}}]},"12":{"type":"branch","line":86,"loc":{"start":{"line":86,"column":13},"end":{"line":86,"column":52}},"locations":[{"start":{"line":86,"column":13},"end":{"line":86,"column":52}}]},"13":{"type":"branch","line":89,"loc":{"start":{"line":89,"column":21},"end":{"line":97,"column":3}},"locations":[{"start":{"line":89,"column":21},"end":{"line":97,"column":3}}]},"14":{"type":"branch","line":100,"loc":{"start":{"line":100,"column":25},"end":{"line":103,"column":5}},"locations":[{"start":{"line":100,"column":25},"end":{"line":103,"column":5}}]}},"b":{"0":[13],"1":[4],"2":[9],"3":[2],"4":[7],"5":[3],"6":[3],"7":[1],"8":[3],"9":[1],"10":[1],"11":[3],"12":[3],"13":[3],"14":[4]},"fnMap":{"0":{"name":"DragAndDrop","decl":{"start":{"line":21,"column":0},"end":{"line":134,"column":1}},"loc":{"start":{"line":21,"column":0},"end":{"line":134,"column":1}},"line":21},"1":{"name":"resetState","decl":{"start":{"line":34,"column":21},"end":{"line":36,"column":3}},"loc":{"start":{"line":34,"column":21},"end":{"line":36,"column":3}},"line":34},"2":{"name":"handleDragEnter","decl":{"start":{"line":38,"column":26},"end":{"line":58,"column":3}},"loc":{"start":{"line":38,"column":26},"end":{"line":58,"column":3}},"line":38},"3":{"name":"handleDragLeave","decl":{"start":{"line":60,"column":26},"end":{"line":79,"column":3}},"loc":{"start":{"line":60,"column":26},"end":{"line":79,"column":3}},"line":60},"4":{"name":"handleDragOver","decl":{"start":{"line":81,"column":25},"end":{"line":87,"column":3}},"loc":{"start":{"line":81,"column":25},"end":{"line":87,"column":3}},"line":81},"5":{"name":"handleDrop","decl":{"start":{"line":89,"column":21},"end":{"line":97,"column":3}},"loc":{"start":{"line":89,"column":21},"end":{"line":97,"column":3}},"line":89},"6":{"name":"renderWithId","decl":{"start":{"line":100,"column":25},"end":{"line":103,"column":5}},"loc":{"start":{"line":100,"column":25},"end":{"line":103,"column":5}},"line":100}},"f":{"0":13,"1":3,"2":3,"3":1,"4":3,"5":3,"6":4}}
,"/Users/chidimo/projects/react-drag-drop-browser/src/components/file-browser.tsx": {"path":"/Users/chidimo/projects/react-drag-drop-browser/src/components/file-browser.tsx","all":false,"statementMap":{"0":{"start":{"line":1,"column":0},"end":{"line":1,"column":61}},"1":{"start":{"line":2,"column":0},"end":{"line":2,"column":61}},"2":{"start":{"line":3,"column":0},"end":{"line":3,"column":49}},"3":{"start":{"line":4,"column":0},"end":{"line":4,"column":0}},"4":{"start":{"line":5,"column":0},"end":{"line":5,"column":17}},"5":{"start":{"line":6,"column":0},"end":{"line":6,"column":22}},"6":{"start":{"line":7,"column":0},"end":{"line":7,"column":18}},"7":{"start":{"line":8,"column":0},"end":{"line":8,"column":21}},"8":{"start":{"line":9,"column":0},"end":{"line":9,"column":30}},"9":{"start":{"line":10,"column":0},"end":{"line":10,"column":40}},"10":{"start":{"line":11,"column":0},"end":{"line":11,"column":64}},"11":{"start":{"line":12,"column":0},"end":{"line":12,"column":59}},"12":{"start":{"line":13,"column":0},"end":{"line":13,"column":41}},"13":{"start":{"line":14,"column":0},"end":{"line":14,"column":1}},"14":{"start":{"line":15,"column":0},"end":{"line":15,"column":0}},"15":{"start":{"line":16,"column":0},"end":{"line":16,"column":61}},"16":{"start":{"line":17,"column":0},"end":{"line":17,"column":9}},"17":{"start":{"line":18,"column":0},"end":{"line":18,"column":25}},"18":{"start":{"line":19,"column":0},"end":{"line":19,"column":32}},"19":{"start":{"line":20,"column":0},"end":{"line":20,"column":21}},"20":{"start":{"line":21,"column":0},"end":{"line":21,"column":57}},"21":{"start":{"line":22,"column":0},"end":{"line":22,"column":49}},"22":{"start":{"line":23,"column":0},"end":{"line":23,"column":47}},"23":{"start":{"line":24,"column":0},"end":{"line":24,"column":23}},"24":{"start":{"line":25,"column":0},"end":{"line":25,"column":18}},"25":{"start":{"line":26,"column":0},"end":{"line":26,"column":12}},"26":{"start":{"line":27,"column":0},"end":{"line":27,"column":0}},"27":{"start":{"line":28,"column":0},"end":{"line":28,"column":59}},"28":{"start":{"line":29,"column":0},"end":{"line":29,"column":0}},"29":{"start":{"line":30,"column":0},"end":{"line":30,"column":25}},"30":{"start":{"line":31,"column":0},"end":{"line":31,"column":29}},"31":{"start":{"line":32,"column":0},"end":{"line":32,"column":34}},"32":{"start":{"line":33,"column":0},"end":{"line":33,"column":64}},"33":{"start":{"line":34,"column":0},"end":{"line":34,"column":0}},"34":{"start":{"line":35,"column":0},"end":{"line":35,"column":53}},"35":{"start":{"line":36,"column":0},"end":{"line":36,"column":0}},"36":{"start":{"line":37,"column":0},"end":{"line":37,"column":45}},"37":{"start":{"line":38,"column":0},"end":{"line":38,"column":23}},"38":{"start":{"line":39,"column":0},"end":{"line":39,"column":24}},"39":{"start":{"line":40,"column":0},"end":{"line":40,"column":39}},"40":{"start":{"line":41,"column":0},"end":{"line":41,"column":4}},"41":{"start":{"line":42,"column":0},"end":{"line":42,"column":0}},"42":{"start":{"line":43,"column":0},"end":{"line":43,"column":48}},"43":{"start":{"line":44,"column":0},"end":{"line":44,"column":12}},"44":{"start":{"line":45,"column":0},"end":{"line":45,"column":41}},"45":{"start":{"line":46,"column":0},"end":{"line":46,"column":59}},"46":{"start":{"line":47,"column":0},"end":{"line":47,"column":39}},"47":{"start":{"line":48,"column":0},"end":{"line":48,"column":10}},"48":{"start":{"line":49,"column":0},"end":{"line":49,"column":6}},"49":{"start":{"line":50,"column":0},"end":{"line":50,"column":3}},"50":{"start":{"line":51,"column":0},"end":{"line":51,"column":0}},"51":{"start":{"line":52,"column":0},"end":{"line":52,"column":10}},"52":{"start":{"line":53,"column":0},"end":{"line":53,"column":6}},"53":{"start":{"line":54,"column":0},"end":{"line":54,"column":17}},"54":{"start":{"line":55,"column":0},"end":{"line":55,"column":16}},"55":{"start":{"line":56,"column":0},"end":{"line":56,"column":21}},"56":{"start":{"line":57,"column":0},"end":{"line":57,"column":38}},"57":{"start":{"line":58,"column":0},"end":{"line":58,"column":12}},"58":{"start":{"line":59,"column":0},"end":{"line":59,"column":10}},"59":{"start":{"line":60,"column":0},"end":{"line":60,"column":11}},"60":{"start":{"line":61,"column":0},"end":{"line":61,"column":15}},"61":{"start":{"line":62,"column":0},"end":{"line":62,"column":23}},"62":{"start":{"line":63,"column":0},"end":{"line":63,"column":34}},"63":{"start":{"line":64,"column":0},"end":{"line":64,"column":26}},"64":{"start":{"line":65,"column":0},"end":{"line":65,"column":38}},"65":{"start":{"line":66,"column":0},"end":{"line":66,"column":12}},"66":{"start":{"line":67,"column":0},"end":{"line":67,"column":74}},"67":{"start":{"line":68,"column":0},"end":{"line":68,"column":9}},"68":{"start":{"line":69,"column":0},"end":{"line":69,"column":25}},"69":{"start":{"line":70,"column":0},"end":{"line":70,"column":17}},"70":{"start":{"line":71,"column":0},"end":{"line":71,"column":8}},"71":{"start":{"line":72,"column":0},"end":{"line":72,"column":0}},"72":{"start":{"line":73,"column":0},"end":{"line":73,"column":12}},"73":{"start":{"line":74,"column":0},"end":{"line":74,"column":16}},"74":{"start":{"line":75,"column":0},"end":{"line":75,"column":19}},"75":{"start":{"line":76,"column":0},"end":{"line":76,"column":20}},"76":{"start":{"line":77,"column":0},"end":{"line":77,"column":29}},"77":{"start":{"line":78,"column":0},"end":{"line":78,"column":27}},"78":{"start":{"line":79,"column":0},"end":{"line":79,"column":43}},"79":{"start":{"line":80,"column":0},"end":{"line":80,"column":35}},"80":{"start":{"line":81,"column":0},"end":{"line":81,"column":37}},"81":{"start":{"line":82,"column":0},"end":{"line":82,"column":37}},"82":{"start":{"line":83,"column":0},"end":{"line":83,"column":29}},"83":{"start":{"line":84,"column":0},"end":{"line":84,"column":10}},"84":{"start":{"line":85,"column":0},"end":{"line":85,"column":49}},"85":{"start":{"line":86,"column":0},"end":{"line":86,"column":8}},"86":{"start":{"line":87,"column":0},"end":{"line":87,"column":7}},"87":{"start":{"line":88,"column":0},"end":{"line":88,"column":4}},"88":{"start":{"line":89,"column":0},"end":{"line":89,"column":1}}},"s":{"0":1,"1":1,"2":1,"3":1,"4":1,"5":1,"6":1,"7":1,"8":1,"9":1,"10":1,"11":1,"12":1,"13":1,"14":1,"15":6,"16":6,"17":6,"18":6,"19":6,"20":6,"21":6,"22":6,"23":6,"24":6,"25":6,"26":6,"27":6,"28":6,"29":6,"30":6,"31":6,"32":6,"33":6,"34":6,"35":6,"36":6,"37":5,"38":5,"39":5,"40":6,"41":6,"42":6,"43":1,"44":1,"45":1,"46":1,"47":1,"48":1,"49":1,"50":5,"51":5,"52":5,"53":6,"54":1,"55":1,"56":1,"57":1,"58":1,"59":6,"60":4,"61":4,"62":4,"63":4,"64":4,"65":4,"66":4,"67":4,"68":4,"69":4,"70":6,"71":6,"72":6,"73":6,"74":6,"75":6,"76":6,"77":6,"78":6,"79":6,"80":6,"81":6,"82":5,"83":6,"84":6,"85":6,"86":6,"87":6,"88":6},"branchMap":{"0":{"type":"branch","line":16,"loc":{"start":{"line":16,"column":0},"end":{"line":89,"column":1}},"locations":[{"start":{"line":16,"column":0},"end":{"line":89,"column":1}}]},"1":{"type":"branch","line":33,"loc":{"start":{"line":33,"column":38},"end":{"line":33,"column":62}},"locations":[{"start":{"line":33,"column":38},"end":{"line":33,"column":62}}]},"2":{"type":"branch","line":43,"loc":{"start":{"line":43,"column":26},"end":{"line":43,"column":45}},"locations":[{"start":{"line":43,"column":26},"end":{"line":43,"column":45}}]},"3":{"type":"branch","line":43,"loc":{"start":{"line":43,"column":47},"end":{"line":50,"column":3}},"locations":[{"start":{"line":43,"column":47},"end":{"line":50,"column":3}}]},"4":{"type":"branch","line":51,"loc":{"start":{"line":51,"column":-1},"end":{"line":54,"column":14}},"locations":[{"start":{"line":51,"column":-1},"end":{"line":54,"column":14}}]},"5":{"type":"branch","line":54,"loc":{"start":{"line":54,"column":14},"end":{"line":59,"column":10}},"locations":[{"start":{"line":54,"column":14},"end":{"line":59,"column":10}}]},"6":{"type":"branch","line":60,"loc":{"start":{"line":60,"column":8},"end":{"line":70,"column":17}},"locations":[{"start":{"line":60,"column":8},"end":{"line":70,"column":17}}]},"7":{"type":"branch","line":67,"loc":{"start":{"line":67,"column":47},"end":{"line":67,"column":67}},"locations":[{"start":{"line":67,"column":47},"end":{"line":67,"column":67}}]},"8":{"type":"branch","line":67,"loc":{"start":{"line":67,"column":68},"end":{"line":67,"column":72}},"locations":[{"start":{"line":67,"column":68},"end":{"line":67,"column":72}}]},"9":{"type":"branch","line":37,"loc":{"start":{"line":37,"column":26},"end":{"line":41,"column":3}},"locations":[{"start":{"line":37,"column":26},"end":{"line":41,"column":3}}]},"10":{"type":"branch","line":56,"loc":{"start":{"line":56,"column":10},"end":{"line":58,"column":11}},"locations":[{"start":{"line":56,"column":10},"end":{"line":58,"column":11}}]},"11":{"type":"branch","line":64,"loc":{"start":{"line":64,"column":19},"end":{"line":66,"column":11}},"locations":[{"start":{"line":64,"column":19},"end":{"line":66,"column":11}}]},"12":{"type":"branch","line":82,"loc":{"start":{"line":82,"column":18},"end":{"line":84,"column":9}},"locations":[{"start":{"line":82,"column":18},"end":{"line":84,"column":9}}]},"13":{"type":"branch","line":85,"loc":{"start":{"line":85,"column":13},"end":{"line":85,"column":48}},"locations":[{"start":{"line":85,"column":13},"end":{"line":85,"column":48}}]}},"b":{"0":[6],"1":[5],"2":[5],"3":[1],"4":[5],"5":[1],"6":[4],"7":[3],"8":[1],"9":[5],"10":[1],"11":[4],"12":[5],"13":[10]},"fnMap":{"0":{"name":"FileBrowser","decl":{"start":{"line":16,"column":0},"end":{"line":89,"column":1}},"loc":{"start":{"line":16,"column":0},"end":{"line":89,"column":1}},"line":16},"1":{"name":"pickFileHandler","decl":{"start":{"line":37,"column":26},"end":{"line":41,"column":3}},"loc":{"start":{"line":37,"column":26},"end":{"line":41,"column":3}},"line":37},"2":{"name":"onClick","decl":{"start":{"line":56,"column":10},"end":{"line":58,"column":11}},"loc":{"start":{"line":56,"column":10},"end":{"line":58,"column":11}},"line":56},"3":{"name":"onClick","decl":{"start":{"line":64,"column":19},"end":{"line":66,"column":11}},"loc":{"start":{"line":64,"column":19},"end":{"line":66,"column":11}},"line":64},"4":{"name":"onChange","decl":{"start":{"line":82,"column":18},"end":{"line":84,"column":9}},"loc":{"start":{"line":82,"column":18},"end":{"line":84,"column":9}},"line":82},"5":{"name":"ref","decl":{"start":{"line":85,"column":13},"end":{"line":85,"column":48}},"loc":{"start":{"line":85,"column":13},"end":{"line":85,"column":48}},"line":85}},"f":{"0":6,"1":5,"2":1,"3":4,"4":5,"5":10}}
,"/Users/chidimo/projects/react-drag-drop-browser/src/lib/join-classes.ts": {"path":"/Users/chidimo/projects/react-drag-drop-browser/src/lib/join-classes.ts","all":false,"statementMap":{"0":{"start":{"line":1,"column":0},"end":{"line":1,"column":50}},"1":{"start":{"line":2,"column":0},"end":{"line":2,"column":43}},"2":{"start":{"line":3,"column":0},"end":{"line":3,"column":1}}},"s":{"0":17,"1":17,"2":17},"branchMap":{"0":{"type":"branch","line":1,"loc":{"start":{"line":1,"column":0},"end":{"line":3,"column":1}},"locations":[{"start":{"line":1,"column":0},"end":{"line":3,"column":1}}]}},"b":{"0":[17]},"fnMap":{"0":{"name":"classNames","decl":{"start":{"line":1,"column":0},"end":{"line":3,"column":1}},"loc":{"start":{"line":1,"column":0},"end":{"line":3,"column":1}},"line":1}},"f":{"0":17}}
}
