TN:
SF:src/components/drag-and-drop.tsx
FN:21,DragAndDrop
FN:34,resetState
FN:38,handleDragEnter
FN:60,handleDragLeave
FN:81,handleDragOver
FN:89,handleDrop
FN:100,renderWithId
FNF:7
FNH:7
FNDA:13,DragAndDrop
FNDA:3,resetState
FNDA:3,handleDragEnter
FNDA:1,handleDragLeave
FNDA:3,handleDragOver
FNDA:3,handleDrop
FNDA:4,renderWithId
DA:1,1
DA:2,1
DA:3,1
DA:4,1
DA:5,1
DA:6,1
DA:7,1
DA:8,1
DA:9,1
DA:10,1
DA:11,1
DA:12,1
DA:13,1
DA:14,1
DA:15,1
DA:16,1
DA:17,1
DA:18,1
DA:19,1
DA:20,1
DA:21,13
DA:22,13
DA:23,13
DA:24,13
DA:25,13
DA:26,13
DA:27,13
DA:28,13
DA:29,13
DA:30,13
DA:31,13
DA:32,13
DA:33,13
DA:34,13
DA:35,3
DA:36,13
DA:37,13
DA:38,13
DA:39,3
DA:40,3
DA:41,3
DA:42,3
DA:43,3
DA:44,3
DA:45,3
DA:46,3
DA:47,3
DA:48,3
DA:49,3
DA:50,3
DA:51,3
DA:52,3
DA:53,3
DA:54,3
DA:55,3
DA:56,3
DA:57,3
DA:58,13
DA:59,13
DA:60,13
DA:61,1
DA:62,1
DA:63,1
DA:64,1
DA:65,1
DA:66,1
DA:67,1
DA:68,1
DA:69,1
DA:70,1
DA:71,1
DA:72,1
DA:73,1
DA:74,1
DA:75,1
DA:76,1
DA:77,1
DA:78,1
DA:79,13
DA:80,13
DA:81,13
DA:82,3
DA:83,3
DA:84,3
DA:85,3
DA:86,3
DA:87,13
DA:88,13
DA:89,13
DA:90,3
DA:91,3
DA:92,3
DA:93,3
DA:94,3
DA:95,3
DA:96,3
DA:97,13
DA:98,13
DA:99,13
DA:100,4
DA:101,4
DA:102,4
DA:103,4
DA:104,4
DA:105,4
DA:106,4
DA:107,4
DA:108,4
DA:109,4
DA:110,4
DA:111,4
DA:112,4
DA:113,4
DA:114,9
DA:115,9
DA:116,9
DA:117,9
DA:118,9
DA:119,9
DA:120,9
DA:121,9
DA:122,9
DA:123,13
DA:124,13
DA:125,13
DA:126,13
DA:127,13
DA:128,13
DA:129,13
DA:130,13
DA:131,13
DA:132,13
DA:133,13
DA:134,13
LF:134
LH:134
BRDA:21,0,0,13
BRDA:99,1,0,4
BRDA:114,2,0,9
BRDA:123,3,0,2
BRDA:123,4,0,7
BRDA:34,5,0,3
BRDA:38,6,0,3
BRDA:51,7,0,1
BRDA:53,8,0,3
BRDA:60,9,0,1
BRDA:74,10,0,1
BRDA:81,11,0,3
BRDA:86,12,0,3
BRDA:89,13,0,3
BRDA:100,14,0,4
BRF:15
BRH:15
end_of_record
TN:
SF:src/components/file-browser.tsx
FN:16,FileBrowser
FN:37,pickFileHandler
FN:56,onClick
FN:64,onClick
FN:82,onChange
FN:85,ref
FNF:6
FNH:6
FNDA:6,FileBrowser
FNDA:5,pickFileHandler
FNDA:1,onClick
FNDA:4,onClick
FNDA:5,onChange
FNDA:10,ref
DA:1,1
DA:2,1
DA:3,1
DA:4,1
DA:5,1
DA:6,1
DA:7,1
DA:8,1
DA:9,1
DA:10,1
DA:11,1
DA:12,1
DA:13,1
DA:14,1
DA:15,1
DA:16,6
DA:17,6
DA:18,6
DA:19,6
DA:20,6
DA:21,6
DA:22,6
DA:23,6
DA:24,6
DA:25,6
DA:26,6
DA:27,6
DA:28,6
DA:29,6
DA:30,6
DA:31,6
DA:32,6
DA:33,6
DA:34,6
DA:35,6
DA:36,6
DA:37,6
DA:38,5
DA:39,5
DA:40,5
DA:41,6
DA:42,6
DA:43,6
DA:44,1
DA:45,1
DA:46,1
DA:47,1
DA:48,1
DA:49,1
DA:50,1
DA:51,5
DA:52,5
DA:53,5
DA:54,6
DA:55,1
DA:56,1
DA:57,1
DA:58,1
DA:59,1
DA:60,6
DA:61,4
DA:62,4
DA:63,4
DA:64,4
DA:65,4
DA:66,4
DA:67,4
DA:68,4
DA:69,4
DA:70,4
DA:71,6
DA:72,6
DA:73,6
DA:74,6
DA:75,6
DA:76,6
DA:77,6
DA:78,6
DA:79,6
DA:80,6
DA:81,6
DA:82,6
DA:83,5
DA:84,6
DA:85,6
DA:86,6
DA:87,6
DA:88,6
DA:89,6
LF:89
LH:89
BRDA:16,0,0,6
BRDA:33,1,0,5
BRDA:43,2,0,5
BRDA:43,3,0,1
BRDA:51,4,0,5
BRDA:54,5,0,1
BRDA:60,6,0,4
BRDA:67,7,0,3
BRDA:67,8,0,1
BRDA:37,9,0,5
BRDA:56,10,0,1
BRDA:64,11,0,4
BRDA:82,12,0,5
BRDA:85,13,0,10
BRF:14
BRH:14
end_of_record
TN:
SF:src/lib/join-classes.ts
FN:1,classNames
FNF:1
FNH:1
FNDA:17,classNames
DA:1,17
DA:2,17
DA:3,17
LF:3
LH:3
BRDA:1,0,0,17
BRF:1
BRH:1
end_of_record
